<?xml version="1.0" encoding="UTF-8"?>
<testng-results skipped="0" failed="1" ignored="0" total="3" passed="2">
  <reporter-output>
    <line>
      <![CDATA[<br> <img src=../screenshots/PASS/OpenAutomationTest_env/AutomationTests.Manf_page1_BUDev_Test/2017-08-28-12-01screenshot6785575975174638380.png /> <br>]]>
    </line>
    <line>
      <![CDATA[<br> <img src=../screenshots/PASS/login/AutomationTests.Manf_page1_BUDev_Test/2017-08-28-12-03screenshot403730552576714635.png /> <br>]]>
    </line>
    <line>
      <![CDATA[<br> <img src=../screenshots/FAIL/menuSelect/AutomationTests.Manf_page1_BUDev_Test/2017-08-28-12-04screenshot8554004339033902072.png /> <br>]]>
    </line>
  </reporter-output>
  <suite name="ISSDAutomationSuite" duration-ms="190061" started-at="2017-08-28T06:31:15Z" finished-at="2017-08-28T06:34:25Z">
    <groups>
    </groups>
    <test name="Test_AT" duration-ms="190061" started-at="2017-08-28T06:31:15Z" finished-at="2017-08-28T06:34:25Z">
      <class name="AutomationTests.Manf_page1_BUDev_Test">
        <test-method status="PASS" signature="beforeSetUp()[pri:0, instance:AutomationTests.Manf_page1_BUDev_Test@57baeedf]" name="beforeSetUp" is-config="true" duration-ms="8" started-at="2017-08-28T12:01:15Z" finished-at="2017-08-28T12:01:15Z">
          <reporter-output>
          </reporter-output>
        </test-method> <!-- beforeSetUp -->
        <test-method status="PASS" signature="OpenAutomationTest_env(java.lang.String, java.lang.String)[pri:1, instance:AutomationTests.Manf_page1_BUDev_Test@57baeedf]" name="OpenAutomationTest_env" duration-ms="8272" started-at="2017-08-28T12:01:15Z" finished-at="2017-08-28T12:01:23Z">
          <params>
            <param index="0">
              <value>
                <![CDATA[chrome]]>
              </value>
            </param>
            <param index="1">
              <value>
                <![CDATA[http://budev.imsbi.rxcorp.com/]]>
              </value>
            </param>
          </params>
          <reporter-output>
            <line>
              <![CDATA[<br> <img src=../screenshots/PASS/OpenAutomationTest_env/AutomationTests.Manf_page1_BUDev_Test/2017-08-28-12-01screenshot6785575975174638380.png /> <br>]]>
            </line>
          </reporter-output>
        </test-method> <!-- OpenAutomationTest_env -->
        <test-method status="PASS" signature="login(java.lang.String, java.lang.String, java.lang.String, java.lang.String)[pri:2, instance:AutomationTests.Manf_page1_BUDev_Test@57baeedf]" name="login" duration-ms="116716" started-at="2017-08-28T12:01:23Z" depends-on-methods="AutomationTests.Manf_page1_BUDev_Test.OpenAutomationTest_env" finished-at="2017-08-28T12:03:20Z">
          <params>
            <param index="0">
              <value>
                <![CDATA[IntDashboardUser2@uk.imshealth.com]]>
              </value>
            </param>
            <param index="1">
              <value>
                <![CDATA[ComplexPass1]]>
              </value>
            </param>
            <param index="2">
              <value>
                <![CDATA[Sales1]]>
              </value>
            </param>
            <param index="3">
              <value>
                <![CDATA[Rx Brands]]>
              </value>
            </param>
          </params>
          <reporter-output>
            <line>
              <![CDATA[<br> <img src=../screenshots/PASS/login/AutomationTests.Manf_page1_BUDev_Test/2017-08-28-12-03screenshot403730552576714635.png /> <br>]]>
            </line>
          </reporter-output>
        </test-method> <!-- login -->
        <test-method status="FAIL" signature="menuSelect(java.lang.String)[pri:3, instance:AutomationTests.Manf_page1_BUDev_Test@57baeedf]" name="menuSelect" duration-ms="61121" started-at="2017-08-28T12:03:20Z" data-provider="menu_name" depends-on-methods="AutomationTests.Manf_page1_BUDev_Test.login" finished-at="2017-08-28T12:04:22Z">
          <params>
            <param index="0">
              <value>
                <![CDATA[Rx Brands]]>
              </value>
            </param>
          </params>
          <exception class="org.openqa.selenium.ElementNotVisibleException">
            <message>
              <![CDATA[element not visible
  (Session info: chrome=60.0.3112.101)
  (Driver info: chromedriver=2.31.488763 (092de99f48a300323ecf8c2a4e2e7cab51de5ba8),platform=Windows NT 6.1.7601 SP1 x86_64) (WARNING: The server did not provide any stacktrace information)
Command duration or timeout: 0 milliseconds
Build info: version: 'unknown', revision: 'unknown', time: 'unknown'
System info: host: 'BLRW3004177', ip: '10.44.129.68', os.name: 'Windows 7', os.arch: 'amd64', os.version: '6.1', java.version: '1.8.0_25'
Driver info: org.openqa.selenium.chrome.ChromeDriver
Capabilities [{applicationCacheEnabled=false, rotatable=false, mobileEmulationEnabled=false, networkConnectionEnabled=false, chrome={chromedriverVersion=2.31.488763 (092de99f48a300323ecf8c2a4e2e7cab51de5ba8), userDataDir=C:\Users\JMUKHE~1\AppData\Local\Temp\scoped_dir13564_30589}, takesHeapSnapshot=true, pageLoadStrategy=normal, unhandledPromptBehavior=, databaseEnabled=false, handlesAlerts=true, hasTouchScreen=false, version=60.0.3112.101, platform=XP, browserConnectionEnabled=false, nativeEvents=true, acceptSslCerts=true, locationContextEnabled=true, webStorageEnabled=true, browserName=chrome, takesScreenshot=true, javascriptEnabled=true, cssSelectorsEnabled=true, setWindowRect=true, unexpectedAlertBehaviour=}]
Session ID: 13922735a8e0e1f2f40a5faaa9493d03]]>
            </message>
            <full-stacktrace>
              <![CDATA[org.openqa.selenium.ElementNotVisibleException: element not visible
  (Session info: chrome=60.0.3112.101)
  (Driver info: chromedriver=2.31.488763 (092de99f48a300323ecf8c2a4e2e7cab51de5ba8),platform=Windows NT 6.1.7601 SP1 x86_64) (WARNING: The server did not provide any stacktrace information)
Command duration or timeout: 0 milliseconds
Build info: version: 'unknown', revision: 'unknown', time: 'unknown'
System info: host: 'BLRW3004177', ip: '10.44.129.68', os.name: 'Windows 7', os.arch: 'amd64', os.version: '6.1', java.version: '1.8.0_25'
Driver info: org.openqa.selenium.chrome.ChromeDriver
Capabilities [{applicationCacheEnabled=false, rotatable=false, mobileEmulationEnabled=false, networkConnectionEnabled=false, chrome={chromedriverVersion=2.31.488763 (092de99f48a300323ecf8c2a4e2e7cab51de5ba8), userDataDir=C:\Users\JMUKHE~1\AppData\Local\Temp\scoped_dir13564_30589}, takesHeapSnapshot=true, pageLoadStrategy=normal, unhandledPromptBehavior=, databaseEnabled=false, handlesAlerts=true, hasTouchScreen=false, version=60.0.3112.101, platform=XP, browserConnectionEnabled=false, nativeEvents=true, acceptSslCerts=true, locationContextEnabled=true, webStorageEnabled=true, browserName=chrome, takesScreenshot=true, javascriptEnabled=true, cssSelectorsEnabled=true, setWindowRect=true, unexpectedAlertBehaviour=}]
Session ID: 13922735a8e0e1f2f40a5faaa9493d03
	at sun.reflect.NativeConstructorAccessorImpl.newInstance0(Native Method)
	at sun.reflect.NativeConstructorAccessorImpl.newInstance(Unknown Source)
	at sun.reflect.DelegatingConstructorAccessorImpl.newInstance(Unknown Source)
	at java.lang.reflect.Constructor.newInstance(Unknown Source)
	at org.openqa.selenium.remote.ErrorHandler.createThrowable(ErrorHandler.java:215)
	at org.openqa.selenium.remote.ErrorHandler.throwIfResponseFailed(ErrorHandler.java:167)
	at org.openqa.selenium.remote.http.JsonHttpResponseCodec.reconstructValue(JsonHttpResponseCodec.java:40)
	at org.openqa.selenium.remote.http.AbstractHttpResponseCodec.decode(AbstractHttpResponseCodec.java:82)
	at org.openqa.selenium.remote.http.AbstractHttpResponseCodec.decode(AbstractHttpResponseCodec.java:45)
	at org.openqa.selenium.remote.HttpCommandExecutor.execute(HttpCommandExecutor.java:164)
	at org.openqa.selenium.remote.service.DriverCommandExecutor.execute(DriverCommandExecutor.java:82)
	at org.openqa.selenium.remote.RemoteWebDriver.execute(RemoteWebDriver.java:641)
	at org.openqa.selenium.remote.RemoteWebElement.execute(RemoteWebElement.java:275)
	at org.openqa.selenium.remote.RemoteWebElement.click(RemoteWebElement.java:82)
	at sun.reflect.NativeMethodAccessorImpl.invoke0(Native Method)
	at sun.reflect.NativeMethodAccessorImpl.invoke(Unknown Source)
	at sun.reflect.DelegatingMethodAccessorImpl.invoke(Unknown Source)
	at java.lang.reflect.Method.invoke(Unknown Source)
	at org.openqa.selenium.support.pagefactory.internal.LocatingElementHandler.invoke(LocatingElementHandler.java:51)
	at com.sun.proxy.$Proxy12.click(Unknown Source)
	at PageOModel.GM_First_Page.updateFilters(GM_First_Page.java:271)
	at AutomationTests.Manf_page1_BUDev_Test.GMdrillDownPages(Manf_page1_BUDev_Test.java:202)
	at AutomationTests.Manf_page1_BUDev_Test.menuSelect(Manf_page1_BUDev_Test.java:117)
	at sun.reflect.NativeMethodAccessorImpl.invoke0(Native Method)
	at sun.reflect.NativeMethodAccessorImpl.invoke(Unknown Source)
	at sun.reflect.DelegatingMethodAccessorImpl.invoke(Unknown Source)
	at java.lang.reflect.Method.invoke(Unknown Source)
	at org.testng.internal.MethodInvocationHelper.invokeMethod(MethodInvocationHelper.java:108)
	at org.testng.internal.InvokeMethodRunnable.runOne(InvokeMethodRunnable.java:54)
	at org.testng.internal.InvokeMethodRunnable.run(InvokeMethodRunnable.java:44)
	at java.util.concurrent.Executors$RunnableAdapter.call(Unknown Source)
	at java.util.concurrent.FutureTask.run(Unknown Source)
	at java.util.concurrent.ThreadPoolExecutor.runWorker(Unknown Source)
	at java.util.concurrent.ThreadPoolExecutor$Worker.run(Unknown Source)
	at java.lang.Thread.run(Unknown Source)
]]>
            </full-stacktrace>
          </exception> <!-- org.openqa.selenium.ElementNotVisibleException -->
          <reporter-output>
            <line>
              <![CDATA[<br> <img src=../screenshots/FAIL/menuSelect/AutomationTests.Manf_page1_BUDev_Test/2017-08-28-12-04screenshot8554004339033902072.png /> <br>]]>
            </line>
          </reporter-output>
        </test-method> <!-- menuSelect -->
        <test-method status="PASS" signature="AfterRun()[pri:0, instance:AutomationTests.Manf_page1_BUDev_Test@57baeedf]" name="AfterRun" is-config="true" duration-ms="2525" started-at="2017-08-28T12:04:22Z" finished-at="2017-08-28T12:04:25Z">
          <reporter-output>
          </reporter-output>
        </test-method> <!-- AfterRun -->
      </class> <!-- AutomationTests.Manf_page1_BUDev_Test -->
    </test> <!-- Test_AT -->
  </suite> <!-- ISSDAutomationSuite -->
</testng-results>
